<?xml version="1.0" encoding="UTF-8"?>
<testsuite name="com.sunrint.hackaton._2023sunrinhackatonbackend.ApplicationTests" tests="1" skipped="0" failures="0" errors="0" timestamp="2023-07-18T17:54:36" hostname="JoSungHunui-MacBookPro.local" time="0.273">
  <properties/>
  <testcase name="contextLoads()" classname="com.sunrint.hackaton._2023sunrinhackatonbackend.ApplicationTests" time="0.273"/>
  <system-out><![CDATA[02:54:16.835 [Test worker] INFO org.springframework.test.context.support.AnnotationConfigContextLoaderUtils -- Could not detect default configuration classes for test class [com.sunrint.hackaton._2023sunrinhackatonbackend.ApplicationTests]: ApplicationTests does not declare any static, non-private, non-final, nested classes annotated with @Configuration.
02:54:16.883 [Test worker] INFO org.springframework.boot.test.context.SpringBootTestContextBootstrapper -- Found @SpringBootConfiguration com.sunrint.hackaton._2023sunrinhackatonbackend.Application for test class com.sunrint.hackaton._2023sunrinhackatonbackend.ApplicationTests

  .   ____          _            __ _ _
 /\\ / ___'_ __ _ _(_)_ __  __ _ \ \ \ \
( ( )\___ | '_ | '_| | '_ \/ _` | \ \ \ \
 \\/  ___)| |_)| | | | | || (_| |  ) ) ) )
  '  |____| .__|_| |_|_| |_\__, | / / / /
 =========|_|==============|___/=/_/_/_/
 :: Spring Boot ::                (v3.1.1)

2023-07-19T02:54:17.020+09:00  INFO 84289 --- [    Test worker] c.s.h._.ApplicationTests                 : Starting ApplicationTests using Java 17.0.7 with PID 84289 (started by josunghun in /Users/josunghun/Desktop/Project/2023-sunrinhackaton-backend)
2023-07-19T02:54:17.020+09:00  INFO 84289 --- [    Test worker] c.s.h._.ApplicationTests                 : No active profile set, falling back to 1 default profile: "default"
2023-07-19T02:54:17.460+09:00  INFO 84289 --- [    Test worker] .s.d.r.c.RepositoryConfigurationDelegate : Multiple Spring Data modules found, entering strict repository configuration mode
2023-07-19T02:54:17.460+09:00  INFO 84289 --- [    Test worker] .s.d.r.c.RepositoryConfigurationDelegate : Bootstrapping Spring Data JDBC repositories in DEFAULT mode.
2023-07-19T02:54:17.472+09:00  INFO 84289 --- [    Test worker] .RepositoryConfigurationExtensionSupport : Spring Data JDBC - Could not safely identify store assignment for repository candidate interface com.sunrint.hackaton._2023sunrinhackatonbackend.global.auth.dao.UserRepository; If you want this repository to be a JDBC repository, consider annotating your entities with one of these annotations: org.springframework.data.relational.core.mapping.Table.
2023-07-19T02:54:17.472+09:00  INFO 84289 --- [    Test worker] .s.d.r.c.RepositoryConfigurationDelegate : Finished Spring Data repository scanning in 10 ms. Found 0 JDBC repository interfaces.
2023-07-19T02:54:17.475+09:00  INFO 84289 --- [    Test worker] .s.d.r.c.RepositoryConfigurationDelegate : Multiple Spring Data modules found, entering strict repository configuration mode
2023-07-19T02:54:17.475+09:00  INFO 84289 --- [    Test worker] .s.d.r.c.RepositoryConfigurationDelegate : Bootstrapping Spring Data JPA repositories in DEFAULT mode.
2023-07-19T02:54:17.526+09:00  INFO 84289 --- [    Test worker] .s.d.r.c.RepositoryConfigurationDelegate : Finished Spring Data repository scanning in 50 ms. Found 1 JPA repository interfaces.
2023-07-19T02:54:17.534+09:00  INFO 84289 --- [    Test worker] .s.d.r.c.RepositoryConfigurationDelegate : Multiple Spring Data modules found, entering strict repository configuration mode
2023-07-19T02:54:17.534+09:00  INFO 84289 --- [    Test worker] .s.d.r.c.RepositoryConfigurationDelegate : Bootstrapping Spring Data Redis repositories in DEFAULT mode.
2023-07-19T02:54:17.540+09:00  INFO 84289 --- [    Test worker] .RepositoryConfigurationExtensionSupport : Spring Data Redis - Could not safely identify store assignment for repository candidate interface com.sunrint.hackaton._2023sunrinhackatonbackend.global.auth.dao.UserRepository; If you want this repository to be a Redis repository, consider annotating your entities with one of these annotations: org.springframework.data.redis.core.RedisHash (preferred), or consider extending one of the following types with your repository: org.springframework.data.keyvalue.repository.KeyValueRepository
2023-07-19T02:54:17.540+09:00  INFO 84289 --- [    Test worker] .s.d.r.c.RepositoryConfigurationDelegate : Finished Spring Data repository scanning in 2 ms. Found 0 Redis repository interfaces.
2023-07-19T02:54:17.580+09:00  INFO 84289 --- [    Test worker] faultConfiguringBeanFactoryPostProcessor : No bean named 'errorChannel' has been explicitly defined. Therefore, a default PublishSubscribeChannel will be created.
2023-07-19T02:54:17.583+09:00  INFO 84289 --- [    Test worker] faultConfiguringBeanFactoryPostProcessor : No bean named 'integrationHeaderChannelRegistry' has been explicitly defined. Therefore, a default DefaultHeaderChannelRegistry will be created.
2023-07-19T02:54:23.813+09:00  INFO 84289 --- [    Test worker] o.hibernate.jpa.internal.util.LogHelper  : HHH000204: Processing PersistenceUnitInfo [name: default]
2023-07-19T02:54:23.832+09:00  INFO 84289 --- [    Test worker] org.hibernate.Version                    : HHH000412: Hibernate ORM core version 6.2.5.Final
2023-07-19T02:54:23.833+09:00  INFO 84289 --- [    Test worker] org.hibernate.cfg.Environment            : HHH000406: Using bytecode reflection optimizer
2023-07-19T02:54:23.878+09:00  INFO 84289 --- [    Test worker] o.h.b.i.BytecodeProviderInitiator        : HHH000021: Bytecode provider name : bytebuddy
2023-07-19T02:54:23.923+09:00  INFO 84289 --- [    Test worker] o.s.o.j.p.SpringPersistenceUnitInfo      : No LoadTimeWeaver setup: ignoring JPA class transformer
2023-07-19T02:54:25.667+09:00  WARN 84289 --- [    Test worker] org.hibernate.orm.deprecation            : HHH90000026: MySQL57Dialect has been deprecated; use org.hibernate.dialect.MySQLDialect instead
2023-07-19T02:54:25.677+09:00 DEBUG 84289 --- [    Test worker] o.h.t.d.sql.spi.DdlTypeRegistry          : addDescriptor(12, org.hibernate.type.descriptor.sql.internal.CapacityDependentDdlType@75adb1c0) replaced previous registration(org.hibernate.type.descriptor.sql.internal.CapacityDependentDdlType@5cfe28e1)
2023-07-19T02:54:25.677+09:00 DEBUG 84289 --- [    Test worker] o.h.t.d.sql.spi.DdlTypeRegistry          : addDescriptor(-9, org.hibernate.type.descriptor.sql.internal.CapacityDependentDdlType@7ac90dab) replaced previous registration(org.hibernate.type.descriptor.sql.internal.CapacityDependentDdlType@40d370fa)
2023-07-19T02:54:25.677+09:00 DEBUG 84289 --- [    Test worker] o.h.t.d.sql.spi.DdlTypeRegistry          : addDescriptor(-3, org.hibernate.type.descriptor.sql.internal.CapacityDependentDdlType@5868ea91) replaced previous registration(org.hibernate.type.descriptor.sql.internal.CapacityDependentDdlType@757c685d)
2023-07-19T02:54:25.677+09:00 DEBUG 84289 --- [    Test worker] o.h.t.d.sql.spi.DdlTypeRegistry          : addDescriptor(4003, org.hibernate.type.descriptor.sql.internal.DdlTypeImpl@476a970c) replaced previous registration(org.hibernate.type.descriptor.sql.internal.DdlTypeImpl@1ce57bbb)
2023-07-19T02:54:25.677+09:00 DEBUG 84289 --- [    Test worker] o.h.t.d.sql.spi.DdlTypeRegistry          : addDescriptor(4001, org.hibernate.type.descriptor.sql.internal.DdlTypeImpl@34626d4) replaced previous registration(org.hibernate.type.descriptor.sql.internal.DdlTypeImpl@15ee8861)
2023-07-19T02:54:25.678+09:00 DEBUG 84289 --- [    Test worker] o.h.t.d.sql.spi.DdlTypeRegistry          : addDescriptor(4002, org.hibernate.type.descriptor.sql.internal.DdlTypeImpl@6afaf27) replaced previous registration(org.hibernate.type.descriptor.sql.internal.DdlTypeImpl@31a024ea)
2023-07-19T02:54:25.678+09:00 DEBUG 84289 --- [    Test worker] o.h.t.d.sql.spi.DdlTypeRegistry          : addDescriptor(2004, org.hibernate.type.descriptor.sql.internal.CapacityDependentDdlType@362c48c) replaced previous registration(org.hibernate.type.descriptor.sql.internal.DdlTypeImpl@62aee901)
2023-07-19T02:54:25.678+09:00 DEBUG 84289 --- [    Test worker] o.h.t.d.sql.spi.DdlTypeRegistry          : addDescriptor(2005, org.hibernate.type.descriptor.sql.internal.CapacityDependentDdlType@1983a4e4) replaced previous registration(org.hibernate.type.descriptor.sql.internal.DdlTypeImpl@29b4444a)
2023-07-19T02:54:25.678+09:00 DEBUG 84289 --- [    Test worker] o.h.t.d.sql.spi.DdlTypeRegistry          : addDescriptor(2011, org.hibernate.type.descriptor.sql.internal.CapacityDependentDdlType@3ce7a354) replaced previous registration(org.hibernate.type.descriptor.sql.internal.DdlTypeImpl@2914a328)
2023-07-19T02:54:25.736+09:00  INFO 84289 --- [    Test worker] o.h.b.i.BytecodeProviderInitiator        : HHH000021: Bytecode provider name : bytebuddy
2023-07-19T02:54:25.963+09:00  INFO 84289 --- [    Test worker] o.h.e.t.j.p.i.JtaPlatformInitiator       : HHH000490: Using JtaPlatform implementation: [org.hibernate.engine.transaction.jta.platform.internal.NoJtaPlatform]
Hibernate: 
    alter table UserLoginEntity 
       modify column userLoginPassword  mediumtext not null
2023-07-19T02:54:28.146+09:00  INFO 84289 --- [    Test worker] j.LocalContainerEntityManagerFactoryBean : Initialized JPA EntityManagerFactory for persistence unit 'default'
2023-07-19T02:54:28.771+09:00  WARN 84289 --- [    Test worker] c.s.h._.global.config.SecurityConfig     : accessDeniedHandler
2023-07-19T02:54:28.788+09:00  WARN 84289 --- [    Test worker] JpaBaseConfiguration$JpaWebConfiguration : spring.jpa.open-in-view is enabled by default. Therefore, database queries may be performed during view rendering. Explicitly configure spring.jpa.open-in-view to disable this warning
2023-07-19T02:54:28.928+09:00  INFO 84289 --- [    Test worker] o.s.b.a.e.web.EndpointLinksResolver      : Exposing 1 endpoint(s) beneath base path '/actuator'
2023-07-19T02:54:28.972+09:00  INFO 84289 --- [    Test worker] o.s.s.web.DefaultSecurityFilterChain     : Will secure Or [Mvc [pattern='/**']] with [org.springframework.security.web.session.DisableEncodeUrlFilter@1d07d728, org.springframework.security.web.context.request.async.WebAsyncManagerIntegrationFilter@6d98e607, org.springframework.security.web.context.SecurityContextHolderFilter@32d11a5c, org.springframework.security.web.header.HeaderWriterFilter@7405e77f, org.springframework.security.web.authentication.logout.LogoutFilter@1ec8afc4, org.springframework.security.web.savedrequest.RequestCacheAwareFilter@5ded2dfc, org.springframework.security.web.servletapi.SecurityContextHolderAwareRequestFilter@e77c9c3, org.springframework.security.web.authentication.AnonymousAuthenticationFilter@71ed3bc8, org.springframework.security.web.session.SessionManagementFilter@4ed7fb78, org.springframework.security.web.access.ExceptionTranslationFilter@15e86d24, org.springframework.security.web.access.intercept.AuthorizationFilter@5e05dd42]
2023-07-19T02:54:36.483+09:00  INFO 84289 --- [    Test worker] o.s.i.endpoint.EventDrivenConsumer       : Adding {logging-channel-adapter:_org.springframework.integration.errorLogger} as a subscriber to the 'errorChannel' channel
2023-07-19T02:54:36.483+09:00  INFO 84289 --- [    Test worker] o.s.i.channel.PublishSubscribeChannel    : Channel 'application.errorChannel' has 1 subscriber(s).
2023-07-19T02:54:36.483+09:00  INFO 84289 --- [    Test worker] o.s.i.endpoint.EventDrivenConsumer       : started bean '_org.springframework.integration.errorLogger'
2023-07-19T02:54:36.496+09:00  INFO 84289 --- [    Test worker] c.s.h._.ApplicationTests                 : Started ApplicationTests in 19.563 seconds (process running for 20.027)
2023-07-19T02:54:36.517+09:00  INFO 84289 --- [    Test worker] o.s.b.a.b.JobLauncherApplicationRunner   : Running default command line with: []
]]></system-out>
  <system-err><![CDATA[]]></system-err>
</testsuite>
